{"message":"listening on 3000","level":"info"}
{"message":"listening on 3000","level":"info"}
{"message":"listening on 3000","level":"info"}
{"message":"listening on 3000","level":"info"}
{"message":"listening on 3000","level":"info"}
{"message":"listening on 3000","level":"info"}
{"message":"Cannot read property 'toString' of undefined","level":"error"}
{"message":"Cannot read property 'toString' of undefined","level":"error"}
{"message":"listening on 3000","level":"info"}
{"message":"Cannot read property 'toString' of undefined","level":"error"}
{"message":"listening on 3000","level":"info"}
{"message":"listening on 3000","level":"info"}
{"message":"listening on 3000","level":"info"}
{"message":"listening on 3000","level":"info"}
{"message":"listening on 3000","level":"info"}
{"message":"listening on 3000","level":"info"}
{"message":"listening on 3000","level":"info"}
{"message":"listening on 3000","level":"info"}
{"message":"listening on 3000","level":"info"}
{"message":"listening on 3000","level":"info"}
{"message":"listening on 3000","level":"info"}
{"message":"listening on 3000","level":"info"}
{"message":"listening on 3000","level":"info"}
{"message":"listening on 3000","level":"info"}
{"message":"Cannot read property 'toString' of undefined","level":"error"}
{"message":"listening on 3000","level":"info"}
{"message":"listening on 3000","level":"info"}
{"message":"listening on 3000","level":"info"}
{"message":"listening on 3000","level":"info"}
{"message":"arrays is not defined","level":"error"}
{"message":"listening on 3000","level":"info"}
{"message":"listening on 3000","level":"info"}
{"message":"listening on 3000","level":"info"}
{"message":"listening on 3000","level":"info"}
{"message":"listening on 3000","level":"info"}
{"message":"listening on 3000","level":"info"}
{"message":"listening on 3000","level":"info"}
{"message":"listening on 3000","level":"info"}
{"message":"listening on 3000","level":"info"}
{"message":"listening on 3000","level":"info"}
{"message":"listening on 3000","level":"info"}
{"message":"listening on 3000","level":"info"}
{"message":"Cannot read property 'length' of undefined","level":"error"}
{"message":"listening on 3000","level":"info"}
{"message":"listening on 3000","level":"info"}
{"message":"listening on 3000","level":"info"}
{"message":"listening on 3000","level":"info"}
{"message":"listening on 3000","level":"info"}
{"message":"listening on 3000","level":"info"}
{"message":"listening on 3000","level":"info"}
{"message":"listening on 3000","level":"info"}
{"message":"listening on 3000","level":"info"}
{"message":"listening on 3000","level":"info"}
{"message":"listening on 3000","level":"info"}
{"message":"listening on 3000","level":"info"}
{"message":"listening on 3000","level":"info"}
{"message":"listening on 3000","level":"info"}
{"message":"listening on 3000","level":"info"}
{"message":"listening on 3000","level":"info"}
{"message":"listening on 3000","level":"info"}
{"message":"listening on 3000","level":"info"}
{"message":"listening on 3000","level":"info"}
{"message":"listening on 3000","level":"info"}
{"message":"listening on 3000","level":"info"}
{"message":"listening on 3000","level":"info"}
{"message":"listening on 3000","level":"info"}
{"message":"listening on 3000","level":"info"}
{"message":"listening on 3000","level":"info"}
{"message":"listening on 3000","level":"info"}
{"message":"listening on 3000","level":"info"}
{"message":"listening on 3000","level":"info"}
{"message":"listening on 3000","level":"info"}
{"message":"listening on 3000","level":"info"}
{"message":"fi is not defined","level":"error"}
{"message":"listening on 3000","level":"info"}
{"message":"f1 is not defined","level":"error"}
{"message":"listening on 3000","level":"info"}
{"message":"listening on 3000","level":"info"}
{"message":"listening on 3000","level":"info"}
{"message":"listening on 3000","level":"info"}
{"message":"listening on 3000","level":"info"}
{"message":"listening on 3000","level":"info"}
{"message":"listening on 3000","level":"info"}
{"message":"listening on 3000","level":"info"}
{"message":"listening on 3000","level":"info"}
{"message":"listening on 3000","level":"info"}
{"message":"listening on 3000","level":"info"}
{"message":"listening on 3000","level":"info"}
{"message":"listening on 3000","level":"info"}
{"message":"listening on 3000","level":"info"}
{"message":"listening on 3000","level":"info"}
{"message":"listening on 3000","level":"info"}
{"message":"listening on 3000","level":"info"}
{"message":"listening on 3000","level":"info"}
{"message":"listening on 3000","level":"info"}
{"message":"listening on 3000","level":"info"}
{"message":"listening on 3000","level":"info"}
{"message":"listening on 3000","level":"info"}
{"message":"listening on 3000","level":"info"}
{"message":"listening on 3000","level":"info"}
{"message":"listening on 3000","level":"info"}
{"message":"listening on 3000","level":"info"}
{"message":"listening on 3000","level":"info"}
{"message":"listening on 3000","level":"info"}
{"message":"listening on 3000","level":"info"}
{"message":"listening on 3000","level":"info"}
{"message":"listening on 3000","level":"info"}
{"message":"listening on 3000","level":"info"}
{"message":"listening on 3000","level":"info"}
{"message":"listening on 3000","level":"info"}
{"message":"listening on 3000","level":"info"}
{"message":"listening on 3000","level":"info"}
{"message":"listening on 3000","level":"info"}
{"message":"listening on 3000","level":"info"}
{"message":"listening on 3000","level":"info"}
{"message":"listening on 3000","level":"info"}
{"message":"listening on 3000","level":"info"}
{"message":"listening on 3000","level":"info"}
{"message":"listening on 3000","level":"info"}
{"message":"listening on 3000","level":"info"}
{"message":"listening on 3000","level":"info"}
